G04 EAGLE Gerber RS-274X export*
G75*
%MOMM*%
%FSLAX34Y34*%
%LPD*%
%INOutline*%
%IPPOS*%
%AMOC8*
5,1,8,0,0,1.08239X$1,22.5*%
G01*
%ADD10C,0.000000*%


D10*
X0Y0D02*
X900000Y0D01*
X900000Y600000D01*
X0Y600000D01*
X0Y0D01*
X38700Y22900D02*
X38702Y23048D01*
X38708Y23196D01*
X38718Y23344D01*
X38732Y23492D01*
X38750Y23639D01*
X38772Y23786D01*
X38798Y23932D01*
X38827Y24077D01*
X38861Y24222D01*
X38899Y24365D01*
X38940Y24508D01*
X38985Y24649D01*
X39035Y24789D01*
X39087Y24927D01*
X39144Y25065D01*
X39204Y25200D01*
X39268Y25334D01*
X39335Y25466D01*
X39406Y25596D01*
X39481Y25725D01*
X39559Y25851D01*
X39640Y25975D01*
X39724Y26097D01*
X39812Y26216D01*
X39903Y26333D01*
X39997Y26448D01*
X40095Y26560D01*
X40195Y26669D01*
X40298Y26776D01*
X40404Y26880D01*
X40512Y26981D01*
X40624Y27079D01*
X40738Y27174D01*
X40854Y27265D01*
X40973Y27354D01*
X41094Y27439D01*
X41218Y27521D01*
X41344Y27600D01*
X41471Y27675D01*
X41601Y27747D01*
X41733Y27816D01*
X41866Y27880D01*
X42001Y27941D01*
X42138Y27999D01*
X42276Y28053D01*
X42416Y28103D01*
X42557Y28149D01*
X42699Y28191D01*
X42842Y28230D01*
X42986Y28264D01*
X43132Y28295D01*
X43277Y28322D01*
X43424Y28345D01*
X43571Y28364D01*
X43719Y28379D01*
X43866Y28390D01*
X44015Y28397D01*
X44163Y28400D01*
X44311Y28399D01*
X44459Y28394D01*
X44607Y28385D01*
X44755Y28372D01*
X44903Y28355D01*
X45049Y28334D01*
X45196Y28309D01*
X45341Y28280D01*
X45486Y28248D01*
X45629Y28211D01*
X45772Y28171D01*
X45914Y28126D01*
X46054Y28078D01*
X46193Y28026D01*
X46330Y27971D01*
X46466Y27911D01*
X46601Y27848D01*
X46733Y27782D01*
X46864Y27712D01*
X46993Y27638D01*
X47119Y27561D01*
X47244Y27481D01*
X47366Y27397D01*
X47487Y27310D01*
X47604Y27220D01*
X47720Y27126D01*
X47832Y27030D01*
X47942Y26931D01*
X48050Y26828D01*
X48154Y26723D01*
X48256Y26615D01*
X48354Y26504D01*
X48450Y26391D01*
X48543Y26275D01*
X48632Y26157D01*
X48718Y26036D01*
X48801Y25913D01*
X48881Y25788D01*
X48957Y25661D01*
X49030Y25531D01*
X49099Y25400D01*
X49164Y25267D01*
X49227Y25133D01*
X49285Y24996D01*
X49340Y24858D01*
X49390Y24719D01*
X49438Y24578D01*
X49481Y24437D01*
X49521Y24294D01*
X49556Y24150D01*
X49588Y24005D01*
X49616Y23859D01*
X49640Y23713D01*
X49660Y23566D01*
X49676Y23418D01*
X49688Y23271D01*
X49696Y23122D01*
X49700Y22974D01*
X49700Y22826D01*
X49696Y22678D01*
X49688Y22529D01*
X49676Y22382D01*
X49660Y22234D01*
X49640Y22087D01*
X49616Y21941D01*
X49588Y21795D01*
X49556Y21650D01*
X49521Y21506D01*
X49481Y21363D01*
X49438Y21222D01*
X49390Y21081D01*
X49340Y20942D01*
X49285Y20804D01*
X49227Y20667D01*
X49164Y20533D01*
X49099Y20400D01*
X49030Y20269D01*
X48957Y20139D01*
X48881Y20012D01*
X48801Y19887D01*
X48718Y19764D01*
X48632Y19643D01*
X48543Y19525D01*
X48450Y19409D01*
X48354Y19296D01*
X48256Y19185D01*
X48154Y19077D01*
X48050Y18972D01*
X47942Y18869D01*
X47832Y18770D01*
X47720Y18674D01*
X47604Y18580D01*
X47487Y18490D01*
X47366Y18403D01*
X47244Y18319D01*
X47119Y18239D01*
X46993Y18162D01*
X46864Y18088D01*
X46733Y18018D01*
X46601Y17952D01*
X46466Y17889D01*
X46330Y17829D01*
X46193Y17774D01*
X46054Y17722D01*
X45914Y17674D01*
X45772Y17629D01*
X45629Y17589D01*
X45486Y17552D01*
X45341Y17520D01*
X45196Y17491D01*
X45049Y17466D01*
X44903Y17445D01*
X44755Y17428D01*
X44607Y17415D01*
X44459Y17406D01*
X44311Y17401D01*
X44163Y17400D01*
X44015Y17403D01*
X43866Y17410D01*
X43719Y17421D01*
X43571Y17436D01*
X43424Y17455D01*
X43277Y17478D01*
X43132Y17505D01*
X42986Y17536D01*
X42842Y17570D01*
X42699Y17609D01*
X42557Y17651D01*
X42416Y17697D01*
X42276Y17747D01*
X42138Y17801D01*
X42001Y17859D01*
X41866Y17920D01*
X41733Y17984D01*
X41601Y18053D01*
X41471Y18125D01*
X41344Y18200D01*
X41218Y18279D01*
X41094Y18361D01*
X40973Y18446D01*
X40854Y18535D01*
X40738Y18626D01*
X40624Y18721D01*
X40512Y18819D01*
X40404Y18920D01*
X40298Y19024D01*
X40195Y19131D01*
X40095Y19240D01*
X39997Y19352D01*
X39903Y19467D01*
X39812Y19584D01*
X39724Y19703D01*
X39640Y19825D01*
X39559Y19949D01*
X39481Y20075D01*
X39406Y20204D01*
X39335Y20334D01*
X39268Y20466D01*
X39204Y20600D01*
X39144Y20735D01*
X39087Y20873D01*
X39035Y21011D01*
X38985Y21151D01*
X38940Y21292D01*
X38899Y21435D01*
X38861Y21578D01*
X38827Y21723D01*
X38798Y21868D01*
X38772Y22014D01*
X38750Y22161D01*
X38732Y22308D01*
X38718Y22456D01*
X38708Y22604D01*
X38702Y22752D01*
X38700Y22900D01*
X64100Y22900D02*
X64102Y23048D01*
X64108Y23196D01*
X64118Y23344D01*
X64132Y23492D01*
X64150Y23639D01*
X64172Y23786D01*
X64198Y23932D01*
X64227Y24077D01*
X64261Y24222D01*
X64299Y24365D01*
X64340Y24508D01*
X64385Y24649D01*
X64435Y24789D01*
X64487Y24927D01*
X64544Y25065D01*
X64604Y25200D01*
X64668Y25334D01*
X64735Y25466D01*
X64806Y25596D01*
X64881Y25725D01*
X64959Y25851D01*
X65040Y25975D01*
X65124Y26097D01*
X65212Y26216D01*
X65303Y26333D01*
X65397Y26448D01*
X65495Y26560D01*
X65595Y26669D01*
X65698Y26776D01*
X65804Y26880D01*
X65912Y26981D01*
X66024Y27079D01*
X66138Y27174D01*
X66254Y27265D01*
X66373Y27354D01*
X66494Y27439D01*
X66618Y27521D01*
X66744Y27600D01*
X66871Y27675D01*
X67001Y27747D01*
X67133Y27816D01*
X67266Y27880D01*
X67401Y27941D01*
X67538Y27999D01*
X67676Y28053D01*
X67816Y28103D01*
X67957Y28149D01*
X68099Y28191D01*
X68242Y28230D01*
X68386Y28264D01*
X68532Y28295D01*
X68677Y28322D01*
X68824Y28345D01*
X68971Y28364D01*
X69119Y28379D01*
X69266Y28390D01*
X69415Y28397D01*
X69563Y28400D01*
X69711Y28399D01*
X69859Y28394D01*
X70007Y28385D01*
X70155Y28372D01*
X70303Y28355D01*
X70449Y28334D01*
X70596Y28309D01*
X70741Y28280D01*
X70886Y28248D01*
X71029Y28211D01*
X71172Y28171D01*
X71314Y28126D01*
X71454Y28078D01*
X71593Y28026D01*
X71730Y27971D01*
X71866Y27911D01*
X72001Y27848D01*
X72133Y27782D01*
X72264Y27712D01*
X72393Y27638D01*
X72519Y27561D01*
X72644Y27481D01*
X72766Y27397D01*
X72887Y27310D01*
X73004Y27220D01*
X73120Y27126D01*
X73232Y27030D01*
X73342Y26931D01*
X73450Y26828D01*
X73554Y26723D01*
X73656Y26615D01*
X73754Y26504D01*
X73850Y26391D01*
X73943Y26275D01*
X74032Y26157D01*
X74118Y26036D01*
X74201Y25913D01*
X74281Y25788D01*
X74357Y25661D01*
X74430Y25531D01*
X74499Y25400D01*
X74564Y25267D01*
X74627Y25133D01*
X74685Y24996D01*
X74740Y24858D01*
X74790Y24719D01*
X74838Y24578D01*
X74881Y24437D01*
X74921Y24294D01*
X74956Y24150D01*
X74988Y24005D01*
X75016Y23859D01*
X75040Y23713D01*
X75060Y23566D01*
X75076Y23418D01*
X75088Y23271D01*
X75096Y23122D01*
X75100Y22974D01*
X75100Y22826D01*
X75096Y22678D01*
X75088Y22529D01*
X75076Y22382D01*
X75060Y22234D01*
X75040Y22087D01*
X75016Y21941D01*
X74988Y21795D01*
X74956Y21650D01*
X74921Y21506D01*
X74881Y21363D01*
X74838Y21222D01*
X74790Y21081D01*
X74740Y20942D01*
X74685Y20804D01*
X74627Y20667D01*
X74564Y20533D01*
X74499Y20400D01*
X74430Y20269D01*
X74357Y20139D01*
X74281Y20012D01*
X74201Y19887D01*
X74118Y19764D01*
X74032Y19643D01*
X73943Y19525D01*
X73850Y19409D01*
X73754Y19296D01*
X73656Y19185D01*
X73554Y19077D01*
X73450Y18972D01*
X73342Y18869D01*
X73232Y18770D01*
X73120Y18674D01*
X73004Y18580D01*
X72887Y18490D01*
X72766Y18403D01*
X72644Y18319D01*
X72519Y18239D01*
X72393Y18162D01*
X72264Y18088D01*
X72133Y18018D01*
X72001Y17952D01*
X71866Y17889D01*
X71730Y17829D01*
X71593Y17774D01*
X71454Y17722D01*
X71314Y17674D01*
X71172Y17629D01*
X71029Y17589D01*
X70886Y17552D01*
X70741Y17520D01*
X70596Y17491D01*
X70449Y17466D01*
X70303Y17445D01*
X70155Y17428D01*
X70007Y17415D01*
X69859Y17406D01*
X69711Y17401D01*
X69563Y17400D01*
X69415Y17403D01*
X69266Y17410D01*
X69119Y17421D01*
X68971Y17436D01*
X68824Y17455D01*
X68677Y17478D01*
X68532Y17505D01*
X68386Y17536D01*
X68242Y17570D01*
X68099Y17609D01*
X67957Y17651D01*
X67816Y17697D01*
X67676Y17747D01*
X67538Y17801D01*
X67401Y17859D01*
X67266Y17920D01*
X67133Y17984D01*
X67001Y18053D01*
X66871Y18125D01*
X66744Y18200D01*
X66618Y18279D01*
X66494Y18361D01*
X66373Y18446D01*
X66254Y18535D01*
X66138Y18626D01*
X66024Y18721D01*
X65912Y18819D01*
X65804Y18920D01*
X65698Y19024D01*
X65595Y19131D01*
X65495Y19240D01*
X65397Y19352D01*
X65303Y19467D01*
X65212Y19584D01*
X65124Y19703D01*
X65040Y19825D01*
X64959Y19949D01*
X64881Y20075D01*
X64806Y20204D01*
X64735Y20334D01*
X64668Y20466D01*
X64604Y20600D01*
X64544Y20735D01*
X64487Y20873D01*
X64435Y21011D01*
X64385Y21151D01*
X64340Y21292D01*
X64299Y21435D01*
X64261Y21578D01*
X64227Y21723D01*
X64198Y21868D01*
X64172Y22014D01*
X64150Y22161D01*
X64132Y22308D01*
X64118Y22456D01*
X64108Y22604D01*
X64102Y22752D01*
X64100Y22900D01*
X89500Y22900D02*
X89502Y23048D01*
X89508Y23196D01*
X89518Y23344D01*
X89532Y23492D01*
X89550Y23639D01*
X89572Y23786D01*
X89598Y23932D01*
X89627Y24077D01*
X89661Y24222D01*
X89699Y24365D01*
X89740Y24508D01*
X89785Y24649D01*
X89835Y24789D01*
X89887Y24927D01*
X89944Y25065D01*
X90004Y25200D01*
X90068Y25334D01*
X90135Y25466D01*
X90206Y25596D01*
X90281Y25725D01*
X90359Y25851D01*
X90440Y25975D01*
X90524Y26097D01*
X90612Y26216D01*
X90703Y26333D01*
X90797Y26448D01*
X90895Y26560D01*
X90995Y26669D01*
X91098Y26776D01*
X91204Y26880D01*
X91312Y26981D01*
X91424Y27079D01*
X91538Y27174D01*
X91654Y27265D01*
X91773Y27354D01*
X91894Y27439D01*
X92018Y27521D01*
X92144Y27600D01*
X92271Y27675D01*
X92401Y27747D01*
X92533Y27816D01*
X92666Y27880D01*
X92801Y27941D01*
X92938Y27999D01*
X93076Y28053D01*
X93216Y28103D01*
X93357Y28149D01*
X93499Y28191D01*
X93642Y28230D01*
X93786Y28264D01*
X93932Y28295D01*
X94077Y28322D01*
X94224Y28345D01*
X94371Y28364D01*
X94519Y28379D01*
X94666Y28390D01*
X94815Y28397D01*
X94963Y28400D01*
X95111Y28399D01*
X95259Y28394D01*
X95407Y28385D01*
X95555Y28372D01*
X95703Y28355D01*
X95849Y28334D01*
X95996Y28309D01*
X96141Y28280D01*
X96286Y28248D01*
X96429Y28211D01*
X96572Y28171D01*
X96714Y28126D01*
X96854Y28078D01*
X96993Y28026D01*
X97130Y27971D01*
X97266Y27911D01*
X97401Y27848D01*
X97533Y27782D01*
X97664Y27712D01*
X97793Y27638D01*
X97919Y27561D01*
X98044Y27481D01*
X98166Y27397D01*
X98287Y27310D01*
X98404Y27220D01*
X98520Y27126D01*
X98632Y27030D01*
X98742Y26931D01*
X98850Y26828D01*
X98954Y26723D01*
X99056Y26615D01*
X99154Y26504D01*
X99250Y26391D01*
X99343Y26275D01*
X99432Y26157D01*
X99518Y26036D01*
X99601Y25913D01*
X99681Y25788D01*
X99757Y25661D01*
X99830Y25531D01*
X99899Y25400D01*
X99964Y25267D01*
X100027Y25133D01*
X100085Y24996D01*
X100140Y24858D01*
X100190Y24719D01*
X100238Y24578D01*
X100281Y24437D01*
X100321Y24294D01*
X100356Y24150D01*
X100388Y24005D01*
X100416Y23859D01*
X100440Y23713D01*
X100460Y23566D01*
X100476Y23418D01*
X100488Y23271D01*
X100496Y23122D01*
X100500Y22974D01*
X100500Y22826D01*
X100496Y22678D01*
X100488Y22529D01*
X100476Y22382D01*
X100460Y22234D01*
X100440Y22087D01*
X100416Y21941D01*
X100388Y21795D01*
X100356Y21650D01*
X100321Y21506D01*
X100281Y21363D01*
X100238Y21222D01*
X100190Y21081D01*
X100140Y20942D01*
X100085Y20804D01*
X100027Y20667D01*
X99964Y20533D01*
X99899Y20400D01*
X99830Y20269D01*
X99757Y20139D01*
X99681Y20012D01*
X99601Y19887D01*
X99518Y19764D01*
X99432Y19643D01*
X99343Y19525D01*
X99250Y19409D01*
X99154Y19296D01*
X99056Y19185D01*
X98954Y19077D01*
X98850Y18972D01*
X98742Y18869D01*
X98632Y18770D01*
X98520Y18674D01*
X98404Y18580D01*
X98287Y18490D01*
X98166Y18403D01*
X98044Y18319D01*
X97919Y18239D01*
X97793Y18162D01*
X97664Y18088D01*
X97533Y18018D01*
X97401Y17952D01*
X97266Y17889D01*
X97130Y17829D01*
X96993Y17774D01*
X96854Y17722D01*
X96714Y17674D01*
X96572Y17629D01*
X96429Y17589D01*
X96286Y17552D01*
X96141Y17520D01*
X95996Y17491D01*
X95849Y17466D01*
X95703Y17445D01*
X95555Y17428D01*
X95407Y17415D01*
X95259Y17406D01*
X95111Y17401D01*
X94963Y17400D01*
X94815Y17403D01*
X94666Y17410D01*
X94519Y17421D01*
X94371Y17436D01*
X94224Y17455D01*
X94077Y17478D01*
X93932Y17505D01*
X93786Y17536D01*
X93642Y17570D01*
X93499Y17609D01*
X93357Y17651D01*
X93216Y17697D01*
X93076Y17747D01*
X92938Y17801D01*
X92801Y17859D01*
X92666Y17920D01*
X92533Y17984D01*
X92401Y18053D01*
X92271Y18125D01*
X92144Y18200D01*
X92018Y18279D01*
X91894Y18361D01*
X91773Y18446D01*
X91654Y18535D01*
X91538Y18626D01*
X91424Y18721D01*
X91312Y18819D01*
X91204Y18920D01*
X91098Y19024D01*
X90995Y19131D01*
X90895Y19240D01*
X90797Y19352D01*
X90703Y19467D01*
X90612Y19584D01*
X90524Y19703D01*
X90440Y19825D01*
X90359Y19949D01*
X90281Y20075D01*
X90206Y20204D01*
X90135Y20334D01*
X90068Y20466D01*
X90004Y20600D01*
X89944Y20735D01*
X89887Y20873D01*
X89835Y21011D01*
X89785Y21151D01*
X89740Y21292D01*
X89699Y21435D01*
X89661Y21578D01*
X89627Y21723D01*
X89598Y21868D01*
X89572Y22014D01*
X89550Y22161D01*
X89532Y22308D01*
X89518Y22456D01*
X89508Y22604D01*
X89502Y22752D01*
X89500Y22900D01*
M02*
